#
# There is insufficient memory for the Java Runtime Environment to continue.
# Native memory allocation (malloc) failed to allocate 868576 bytes for Chunk::new
# Possible reasons:
#   The system is out of physical RAM or swap space
#   The process is running with CompressedOops enabled, and the Java Heap may be blocking the growth of the native heap
# Possible solutions:
#   Reduce memory load on the system
#   Increase physical memory or swap space
#   Check if swap backing store is full
#   Decrease Java heap size (-Xmx/-Xms)
#   Decrease number of Java threads
#   Decrease Java thread stack sizes (-Xss)
#   Set larger code cache with -XX:ReservedCodeCacheSize=
#   JVM is running with Unscaled Compressed Oops mode in which the Java heap is
#     placed in the first 4GB address space. The Java Heap base address is the
#     maximum limit for the native heap growth. Please use -XX:HeapBaseMinAddress
#     to set the Java Heap base and to place the Java Heap above 4GB virtual address.
# This output file may be truncated or incomplete.
#
#  Out of Memory Error (arena.cpp:184), pid=23404, tid=2544
#
# JRE version: Java(TM) SE Runtime Environment (18.0+36) (build 18+36-2087)
# Java VM: Java HotSpot(TM) 64-Bit Server VM (18+36-2087, mixed mode, sharing, tiered, compressed oops, compressed class ptrs, g1 gc, windows-amd64)
# No core dump will be written. Minidumps are not enabled by default on client versions of Windows
#

---------------  S U M M A R Y ------------

Command Line: -javaagent:C:\Program Files\JetBrains\IntelliJ IDEA Community Edition 2023.1.2\lib\idea_rt.jar=65300:C:\Program Files\JetBrains\IntelliJ IDEA Community Edition 2023.1.2\bin -Dfile.encoding=UTF-8 -Dsun.stdout.encoding=UTF-8 -Dsun.stderr.encoding=UTF-8 com.alibou.security.SecurityApplication

Host: Intel(R) Core(TM) i5-10300H CPU @ 2.50GHz, 8 cores, 7G,  Windows 11 , 64 bit Build 22621 (10.0.22621.1835)
Time: Mon Jun 19 18:44:16 2023 SE Asia Standard Time elapsed time: 238.422928 seconds (0d 0h 3m 58s)

---------------  T H R E A D  ---------------

Current thread (0x000001d5956a19f0):  JavaThread "C2 CompilerThread0" daemon [_thread_in_native, id=2544, stack(0x0000009cf8500000,0x0000009cf8600000)]


Current CompileTask:
C2: 238423 6890 % !   4       org.springframework.beans.factory.support.DefaultListableBeanFactory::doGetBeanNamesForType @ 20 (505 bytes)

Stack: [0x0000009cf8500000,0x0000009cf8600000]
Native frames: (J=compiled Java code, j=interpreted, Vv=VM code, C=native code)
V  [jvm.dll+0x69804a]
V  [jvm.dll+0x7f308d]
V  [jvm.dll+0x7f499e]
V  [jvm.dll+0x7f5053]
V  [jvm.dll+0x25ca3f]
V  [jvm.dll+0xb8c2f]
V  [jvm.dll+0xb8fa5]
V  [jvm.dll+0x2c794f]
V  [jvm.dll+0x59fdb0]
V  [jvm.dll+0x238398]
V  [jvm.dll+0x2319c5]
V  [jvm.dll+0x22eeeb]
V  [jvm.dll+0x1b9cfc]
V  [jvm.dll+0x23e8ca]
V  [jvm.dll+0x23cbac]
V  [jvm.dll+0x7a5781]
V  [jvm.dll+0x79fbba]
V  [jvm.dll+0x696ef5]
C  [ucrtbase.dll+0x29363]
C  [KERNEL32.DLL+0x126ad]
C  [ntdll.dll+0x5a9f8]


---------------  P R O C E S S  ---------------

Threads class SMR info:
_java_thread_list=0x000001d59c387930, length=31, elements={
0x000001d59567f8d0, 0x000001d595682280, 0x000001d59569d030, 0x000001d59569f9e0,
0x000001d5956a0380, 0x000001d5956a0d20, 0x000001d5956a19f0, 0x000001d5956a32f0,
0x000001d5956a5bf0, 0x000001d59566b620, 0x000001d599cfac60, 0x000001d599cfb120,
0x000001d59a044000, 0x000001d59b0c4120, 0x000001d59b3ddf60, 0x000001d59cafb100,
0x000001d59caf9dc0, 0x000001d59cafbaa0, 0x000001d59cafc910, 0x000001d59cafcde0,
0x000001d59cafd2b0, 0x000001d59cafc440, 0x000001d59cafbf70, 0x000001d59cafb5d0,
0x000001d59cafa760, 0x000001d59cafa290, 0x000001d59cafac30, 0x000001d59c0b7c60,
0x000001d59c0b8130, 0x000001d59c0b8600, 0x000001d59c0b7790
}

Java Threads: ( => current thread )
  0x000001d59567f8d0 JavaThread "Reference Handler" daemon [_thread_blocked, id=23996, stack(0x0000009cf7f00000,0x0000009cf8000000)]
  0x000001d595682280 JavaThread "Finalizer" daemon [_thread_blocked, id=11992, stack(0x0000009cf8000000,0x0000009cf8100000)]
  0x000001d59569d030 JavaThread "Signal Dispatcher" daemon [_thread_blocked, id=25864, stack(0x0000009cf8100000,0x0000009cf8200000)]
  0x000001d59569f9e0 JavaThread "Attach Listener" daemon [_thread_blocked, id=10028, stack(0x0000009cf8200000,0x0000009cf8300000)]
  0x000001d5956a0380 JavaThread "Service Thread" daemon [_thread_blocked, id=25176, stack(0x0000009cf8300000,0x0000009cf8400000)]
  0x000001d5956a0d20 JavaThread "Monitor Deflation Thread" daemon [_thread_blocked, id=19044, stack(0x0000009cf8400000,0x0000009cf8500000)]
=>0x000001d5956a19f0 JavaThread "C2 CompilerThread0" daemon [_thread_in_native, id=2544, stack(0x0000009cf8500000,0x0000009cf8600000)]
  0x000001d5956a32f0 JavaThread "C1 CompilerThread0" daemon [_thread_blocked, id=20248, stack(0x0000009cf8600000,0x0000009cf8700000)]
  0x000001d5956a5bf0 JavaThread "Sweeper thread" daemon [_thread_blocked, id=22604, stack(0x0000009cf8700000,0x0000009cf8800000)]
  0x000001d59566b620 JavaThread "Common-Cleaner" daemon [_thread_blocked, id=13604, stack(0x0000009cf8800000,0x0000009cf8900000)]
  0x000001d599cfac60 JavaThread "Monitor Ctrl-Break" daemon [_thread_in_native, id=26532, stack(0x0000009cf8900000,0x0000009cf8a00000)]
  0x000001d599cfb120 JavaThread "Notification Thread" daemon [_thread_blocked, id=18108, stack(0x0000009cf8a00000,0x0000009cf8b00000)]
  0x000001d59a044000 JavaThread "mysql-cj-abandoned-connection-cleanup" daemon [_thread_blocked, id=24468, stack(0x0000009cf9400000,0x0000009cf9500000)]
  0x000001d59b0c4120 JavaThread "Catalina-utility-1" [_thread_blocked, id=24372, stack(0x0000009cf9600000,0x0000009cf9700000)]
  0x000001d59b3ddf60 JavaThread "Catalina-utility-2" [_thread_blocked, id=15752, stack(0x0000009cf9700000,0x0000009cf9800000)]
  0x000001d59cafb100 JavaThread "container-0" [_thread_blocked, id=1868, stack(0x0000009cf9800000,0x0000009cf9900000)]
  0x000001d59caf9dc0 JavaThread "http-nio-8080-exec-1" daemon [_thread_blocked, id=20812, stack(0x0000009cf9900000,0x0000009cf9a00000)]
  0x000001d59cafbaa0 JavaThread "http-nio-8080-exec-2" daemon [_thread_blocked, id=27104, stack(0x0000009cf9a00000,0x0000009cf9b00000)]
  0x000001d59cafc910 JavaThread "http-nio-8080-exec-3" daemon [_thread_blocked, id=19544, stack(0x0000009cf9b00000,0x0000009cf9c00000)]
  0x000001d59cafcde0 JavaThread "http-nio-8080-exec-4" daemon [_thread_blocked, id=13676, stack(0x0000009cf9c00000,0x0000009cf9d00000)]
  0x000001d59cafd2b0 JavaThread "http-nio-8080-exec-5" daemon [_thread_blocked, id=26360, stack(0x0000009cf9d00000,0x0000009cf9e00000)]
  0x000001d59cafc440 JavaThread "http-nio-8080-exec-6" daemon [_thread_blocked, id=15204, stack(0x0000009cf9e00000,0x0000009cf9f00000)]
  0x000001d59cafbf70 JavaThread "http-nio-8080-exec-7" daemon [_thread_blocked, id=27052, stack(0x0000009cf9f00000,0x0000009cfa000000)]
  0x000001d59cafb5d0 JavaThread "http-nio-8080-exec-8" daemon [_thread_blocked, id=13728, stack(0x0000009cfa000000,0x0000009cfa100000)]
  0x000001d59cafa760 JavaThread "http-nio-8080-exec-9" daemon [_thread_blocked, id=10116, stack(0x0000009cfa100000,0x0000009cfa200000)]
  0x000001d59cafa290 JavaThread "http-nio-8080-exec-10" daemon [_thread_blocked, id=26332, stack(0x0000009cfa200000,0x0000009cfa300000)]
  0x000001d59cafac30 JavaThread "http-nio-8080-Poller" daemon [_thread_in_native, id=26928, stack(0x0000009cfa300000,0x0000009cfa400000)]
  0x000001d59c0b7c60 JavaThread "http-nio-8080-Acceptor" daemon [_thread_in_native, id=3888, stack(0x0000009cfa400000,0x0000009cfa500000)]
  0x000001d59c0b8130 JavaThread "DestroyJavaVM" [_thread_blocked, id=14716, stack(0x0000009cf7800000,0x0000009cf7900000)]
  0x000001d59c0b8600 JavaThread "SIGINT handler" daemon [_thread_blocked, id=13036, stack(0x0000009cf7500000,0x0000009cf7600000)]
  0x000001d59c0b7790 JavaThread "SpringApplicationShutdownHook" [_thread_in_vm, id=12228, stack(0x0000009cf7600000,0x0000009cf7700000)]

Other Threads:
  0x000001d5f7588fc0 VMThread "VM Thread" [stack: 0x0000009cf7e00000,0x0000009cf7f00000] [id=24816]
  0x000001d599e6c4a0 WatcherThread "VM Periodic Task Thread" [stack: 0x0000009cf8b00000,0x0000009cf8c00000] [id=11460]
  0x000001d5f7570db0 WorkerThread "GC Thread#0" [stack: 0x0000009cf7900000,0x0000009cf7a00000] [id=12160]
  0x000001d59a76d4e0 WorkerThread "GC Thread#1" [stack: 0x0000009cf8c00000,0x0000009cf8d00000] [id=25644]
  0x000001d59a76db90 WorkerThread "GC Thread#2" [stack: 0x0000009cf8d00000,0x0000009cf8e00000] [id=15080]
  0x000001d59a7ca1f0 WorkerThread "GC Thread#3" [stack: 0x0000009cf8e00000,0x0000009cf8f00000] [id=15988]
  0x000001d59a7f2fd0 WorkerThread "GC Thread#4" [stack: 0x0000009cf8f00000,0x0000009cf9000000] [id=19616]
  0x000001d59a7f3a80 WorkerThread "GC Thread#5" [stack: 0x0000009cf9000000,0x0000009cf9100000] [id=5160]
  0x000001d59aa94460 WorkerThread "GC Thread#6" [stack: 0x0000009cf9200000,0x0000009cf9300000] [id=20992]
  0x000001d59a892e60 WorkerThread "GC Thread#7" [stack: 0x0000009cf9300000,0x0000009cf9400000] [id=2404]
  0x000001d5f75827f0 ConcurrentGCThread "G1 Main Marker" [stack: 0x0000009cf7a00000,0x0000009cf7b00000] [id=26796]
  0x000001d5f75831e0 WorkerThread "G1 Conc#0" [stack: 0x0000009cf7b00000,0x0000009cf7c00000] [id=25732]
  0x000001d59adc8e60 WorkerThread "G1 Conc#1" [stack: 0x0000009cf9100000,0x0000009cf9200000] [id=26636]
  0x000001d5f75bea10 ConcurrentGCThread "G1 Refine#0" [stack: 0x0000009cf7c00000,0x0000009cf7d00000] [id=4016]
  0x000001d595535510 ConcurrentGCThread "G1 Service" [stack: 0x0000009cf7d00000,0x0000009cf7e00000] [id=14440]

Threads with active compile tasks:
C2 CompilerThread0   238501 6890 % !   4       org.springframework.beans.factory.support.DefaultListableBeanFactory::doGetBeanNamesForType @ 20 (505 bytes)

VM state: synchronizing (normal execution)

VM Mutex/Monitor currently owned by a thread:  ([mutex/lock_event])
[0x000001d5f750d310] Threads_lock - owner thread: 0x000001d5f7588fc0

Heap address: 0x0000000082800000, size: 2008 MB, Compressed Oops mode: 32-bit

CDS archive(s) mapped at: [0x0000000800000000-0x0000000800ba0000-0x0000000800ba0000), size 12189696, SharedBaseAddress: 0x0000000800000000, ArchiveRelocationMode: 0.
Compressed class space mapped at: 0x0000000800c00000-0x0000000840c00000, reserved size: 1073741824
Narrow klass base: 0x0000000800000000, Narrow klass shift: 0, Narrow klass range: 0x100000000

GC Precious Log:
 CardTable entry size: 512
 Card Set container configuration: InlinePtr #cards 5 size 8 Array Of Cards #cards 12 size 40 Howl #buckets 4 coarsen threshold 1843 Howl Bitmap #cards 512 size 80 coarsen threshold 460 Card regions per heap region 1 cards per card region 2048
 CPUs: 8 total, 8 available
 Memory: 8029M
 Large Page Support: Disabled
 NUMA Support: Disabled
 Compressed Oops: Enabled (32-bit)
 Heap Region Size: 1M
 Heap Min Capacity: 8M
 Heap Initial Capacity: 126M
 Heap Max Capacity: 2008M
 Pre-touch: Disabled
 Parallel Workers: 8
 Concurrent Workers: 2
 Concurrent Refinement Workers: 8
 Periodic GC: Disabled

Heap:
 garbage-first heap   total 84992K, used 44781K [0x0000000082800000, 0x0000000100000000)
  region size 1024K, 22 young (22528K), 6 survivors (6144K)
 Metaspace       used 63723K, committed 64320K, reserved 1114112K
  class space    used 8594K, committed 8896K, reserved 1048576K

Heap Regions: E=young(eden), S=young(survivor), O=old, HS=humongous(starts), HC=humongous(continues), CS=collection set, F=free, OA=open archive, CA=closed archive, TAMS=top-at-mark-start (previous, next)
|   0|0x0000000082800000, 0x0000000082900000, 0x0000000082900000|100%|HS|  |TAMS 0x0000000082900000, 0x0000000082800000| Complete 
|   1|0x0000000082900000, 0x0000000082a00000, 0x0000000082a00000|100%| O|  |TAMS 0x0000000082a00000, 0x0000000082900000| Untracked 
|   2|0x0000000082a00000, 0x0000000082b00000, 0x0000000082b00000|100%| O|  |TAMS 0x0000000082b00000, 0x0000000082a00000| Untracked 
|   3|0x0000000082b00000, 0x0000000082c00000, 0x0000000082c00000|100%| O|  |TAMS 0x0000000082c00000, 0x0000000082b00000| Untracked 
|   4|0x0000000082c00000, 0x0000000082d00000, 0x0000000082d00000|100%| O|  |TAMS 0x0000000082d00000, 0x0000000082c00000| Untracked 
|   5|0x0000000082d00000, 0x0000000082e00000, 0x0000000082e00000|100%| O|  |TAMS 0x0000000082e00000, 0x0000000082d00000| Untracked 
|   6|0x0000000082e00000, 0x0000000082f00000, 0x0000000082f00000|100%| O|  |TAMS 0x0000000082f00000, 0x0000000082e00000| Untracked 
|   7|0x0000000082f00000, 0x0000000083000000, 0x0000000083000000|100%| O|  |TAMS 0x0000000083000000, 0x0000000082f00000| Untracked 
|   8|0x0000000083000000, 0x0000000083100000, 0x0000000083100000|100%| O|  |TAMS 0x0000000083100000, 0x0000000083000000| Untracked 
|   9|0x0000000083100000, 0x0000000083200000, 0x0000000083200000|100%| O|  |TAMS 0x0000000083200000, 0x0000000083100000| Untracked 
|  10|0x0000000083200000, 0x0000000083300000, 0x0000000083300000|100%| O|  |TAMS 0x0000000083300000, 0x0000000083200000| Untracked 
|  11|0x0000000083300000, 0x0000000083400000, 0x0000000083400000|100%| O|  |TAMS 0x0000000083400000, 0x0000000083300000| Untracked 
|  12|0x0000000083400000, 0x0000000083500000, 0x0000000083500000|100%| O|  |TAMS 0x0000000083500000, 0x0000000083400000| Untracked 
|  13|0x0000000083500000, 0x0000000083600000, 0x0000000083600000|100%| O|  |TAMS 0x0000000083600000, 0x0000000083500000| Untracked 
|  14|0x0000000083600000, 0x0000000083700000, 0x0000000083700000|100%| O|  |TAMS 0x0000000083700000, 0x0000000083600000| Untracked 
|  15|0x0000000083700000, 0x0000000083800000, 0x0000000083800000|100%| O|  |TAMS 0x0000000083800000, 0x0000000083700000| Untracked 
|  16|0x0000000083800000, 0x0000000083900000, 0x0000000083900000|100%| O|  |TAMS 0x0000000083900000, 0x0000000083800000| Untracked 
|  17|0x0000000083900000, 0x0000000083a00000, 0x0000000083a00000|100%| O|  |TAMS 0x0000000083a00000, 0x0000000083900000| Untracked 
|  18|0x0000000083a00000, 0x0000000083b00000, 0x0000000083b00000|100%| O|  |TAMS 0x0000000083b00000, 0x0000000083a00000| Untracked 
|  19|0x0000000083b00000, 0x0000000083c00000, 0x0000000083c00000|100%| O|  |TAMS 0x0000000083c00000, 0x0000000083b00000| Untracked 
|  20|0x0000000083c00000, 0x0000000083d00000, 0x0000000083d00000|100%| O|  |TAMS 0x0000000083d00000, 0x0000000083c00000| Untracked 
|  21|0x0000000083d00000, 0x0000000083d31600, 0x0000000083e00000| 19%| O|  |TAMS 0x0000000083d31600, 0x0000000083d00000| Untracked 
|  22|0x0000000083e00000, 0x0000000083e00000, 0x0000000083f00000|  0%| F|  |TAMS 0x0000000083e00000, 0x0000000083e00000| Untracked 
|  23|0x0000000083f00000, 0x0000000083f00000, 0x0000000084000000|  0%| F|  |TAMS 0x0000000083f00000, 0x0000000083f00000| Untracked 
|  24|0x0000000084000000, 0x0000000084000000, 0x0000000084100000|  0%| F|  |TAMS 0x0000000084000000, 0x0000000084000000| Untracked 
|  25|0x0000000084100000, 0x0000000084100000, 0x0000000084200000|  0%| F|  |TAMS 0x0000000084100000, 0x0000000084100000| Untracked 
|  26|0x0000000084200000, 0x0000000084200000, 0x0000000084300000|  0%| F|  |TAMS 0x0000000084200000, 0x0000000084200000| Untracked 
|  27|0x0000000084300000, 0x0000000084300000, 0x0000000084400000|  0%| F|  |TAMS 0x0000000084300000, 0x0000000084300000| Untracked 
|  28|0x0000000084400000, 0x0000000084400000, 0x0000000084500000|  0%| F|  |TAMS 0x0000000084400000, 0x0000000084400000| Untracked 
|  29|0x0000000084500000, 0x0000000084500000, 0x0000000084600000|  0%| F|  |TAMS 0x0000000084500000, 0x0000000084500000| Untracked 
|  30|0x0000000084600000, 0x0000000084600000, 0x0000000084700000|  0%| F|  |TAMS 0x0000000084600000, 0x0000000084600000| Untracked 
|  31|0x0000000084700000, 0x0000000084700000, 0x0000000084800000|  0%| F|  |TAMS 0x0000000084700000, 0x0000000084700000| Untracked 
|  32|0x0000000084800000, 0x0000000084800000, 0x0000000084900000|  0%| F|  |TAMS 0x0000000084800000, 0x0000000084800000| Untracked 
|  33|0x0000000084900000, 0x0000000084989f10, 0x0000000084a00000| 53%| S|CS|TAMS 0x0000000084900000, 0x0000000084900000| Complete 
|  34|0x0000000084a00000, 0x0000000084b00000, 0x0000000084b00000|100%| S|CS|TAMS 0x0000000084a00000, 0x0000000084a00000| Complete 
|  35|0x0000000084b00000, 0x0000000084c00000, 0x0000000084c00000|100%| S|CS|TAMS 0x0000000084b00000, 0x0000000084b00000| Complete 
|  36|0x0000000084c00000, 0x0000000084d00000, 0x0000000084d00000|100%| S|CS|TAMS 0x0000000084c00000, 0x0000000084c00000| Complete 
|  37|0x0000000084d00000, 0x0000000084e00000, 0x0000000084e00000|100%| S|CS|TAMS 0x0000000084d00000, 0x0000000084d00000| Complete 
|  38|0x0000000084e00000, 0x0000000084e00000, 0x0000000084f00000|  0%| F|  |TAMS 0x0000000084e00000, 0x0000000084e00000| Untracked 
|  39|0x0000000084f00000, 0x0000000084f00000, 0x0000000085000000|  0%| F|  |TAMS 0x0000000084f00000, 0x0000000084f00000| Untracked 
|  40|0x0000000085000000, 0x0000000085000000, 0x0000000085100000|  0%| F|  |TAMS 0x0000000085000000, 0x0000000085000000| Untracked 
|  41|0x0000000085100000, 0x0000000085200000, 0x0000000085200000|100%| S|CS|TAMS 0x0000000085100000, 0x0000000085100000| Complete 
|  42|0x0000000085200000, 0x0000000085200000, 0x0000000085300000|  0%| F|  |TAMS 0x0000000085200000, 0x0000000085200000| Untracked 
|  43|0x0000000085300000, 0x0000000085300000, 0x0000000085400000|  0%| F|  |TAMS 0x0000000085300000, 0x0000000085300000| Untracked 
|  44|0x0000000085400000, 0x0000000085400000, 0x0000000085500000|  0%| F|  |TAMS 0x0000000085400000, 0x0000000085400000| Untracked 
|  45|0x0000000085500000, 0x0000000085500000, 0x0000000085600000|  0%| F|  |TAMS 0x0000000085500000, 0x0000000085500000| Untracked 
|  46|0x0000000085600000, 0x0000000085600000, 0x0000000085700000|  0%| F|  |TAMS 0x0000000085600000, 0x0000000085600000| Untracked 
|  47|0x0000000085700000, 0x0000000085700000, 0x0000000085800000|  0%| F|  |TAMS 0x0000000085700000, 0x0000000085700000| Untracked 
|  48|0x0000000085800000, 0x0000000085800000, 0x0000000085900000|  0%| F|  |TAMS 0x0000000085800000, 0x0000000085800000| Untracked 
|  49|0x0000000085900000, 0x0000000085900000, 0x0000000085a00000|  0%| F|  |TAMS 0x0000000085900000, 0x0000000085900000| Untracked 
|  50|0x0000000085a00000, 0x0000000085a00000, 0x0000000085b00000|  0%| F|  |TAMS 0x0000000085a00000, 0x0000000085a00000| Untracked 
|  51|0x0000000085b00000, 0x0000000085b00000, 0x0000000085c00000|  0%| F|  |TAMS 0x0000000085b00000, 0x0000000085b00000| Untracked 
|  52|0x0000000085c00000, 0x0000000085c00000, 0x0000000085d00000|  0%| F|  |TAMS 0x0000000085c00000, 0x0000000085c00000| Untracked 
|  53|0x0000000085d00000, 0x0000000085d00000, 0x0000000085e00000|  0%| F|  |TAMS 0x0000000085d00000, 0x0000000085d00000| Untracked 
|  54|0x0000000085e00000, 0x0000000085e00000, 0x0000000085f00000|  0%| F|  |TAMS 0x0000000085e00000, 0x0000000085e00000| Untracked 
|  55|0x0000000085f00000, 0x0000000085f00000, 0x0000000086000000|  0%| F|  |TAMS 0x0000000085f00000, 0x0000000085f00000| Untracked 
|  56|0x0000000086000000, 0x0000000086000000, 0x0000000086100000|  0%| F|  |TAMS 0x0000000086000000, 0x0000000086000000| Untracked 
|  57|0x0000000086100000, 0x0000000086100000, 0x0000000086200000|  0%| F|  |TAMS 0x0000000086100000, 0x0000000086100000| Untracked 
|  58|0x0000000086200000, 0x0000000086200000, 0x0000000086300000|  0%| F|  |TAMS 0x0000000086200000, 0x0000000086200000| Untracked 
|  59|0x0000000086300000, 0x0000000086300000, 0x0000000086400000|  0%| F|  |TAMS 0x0000000086300000, 0x0000000086300000| Untracked 
|  60|0x0000000086400000, 0x0000000086400000, 0x0000000086500000|  0%| F|  |TAMS 0x0000000086400000, 0x0000000086400000| Untracked 
|  61|0x0000000086500000, 0x0000000086500000, 0x0000000086600000|  0%| F|  |TAMS 0x0000000086500000, 0x0000000086500000| Untracked 
|  62|0x0000000086600000, 0x0000000086600000, 0x0000000086700000|  0%| F|  |TAMS 0x0000000086600000, 0x0000000086600000| Untracked 
|  63|0x0000000086700000, 0x0000000086700000, 0x0000000086800000|  0%| F|  |TAMS 0x0000000086700000, 0x0000000086700000| Untracked 
|  64|0x0000000086800000, 0x0000000086800800, 0x0000000086900000|  0%| E|  |TAMS 0x0000000086800000, 0x0000000086800000| Complete 
|  65|0x0000000086900000, 0x0000000086a00000, 0x0000000086a00000|100%| E|CS|TAMS 0x0000000086900000, 0x0000000086900000| Complete 
|  66|0x0000000086a00000, 0x0000000086b00000, 0x0000000086b00000|100%| E|CS|TAMS 0x0000000086a00000, 0x0000000086a00000| Complete 
|  67|0x0000000086b00000, 0x0000000086c00000, 0x0000000086c00000|100%| E|CS|TAMS 0x0000000086b00000, 0x0000000086b00000| Complete 
|  68|0x0000000086c00000, 0x0000000086d00000, 0x0000000086d00000|100%| E|CS|TAMS 0x0000000086c00000, 0x0000000086c00000| Complete 
|  69|0x0000000086d00000, 0x0000000086e00000, 0x0000000086e00000|100%| E|CS|TAMS 0x0000000086d00000, 0x0000000086d00000| Complete 
|  70|0x0000000086e00000, 0x0000000086f00000, 0x0000000086f00000|100%| E|CS|TAMS 0x0000000086e00000, 0x0000000086e00000| Complete 
|  71|0x0000000086f00000, 0x0000000087000000, 0x0000000087000000|100%| E|CS|TAMS 0x0000000086f00000, 0x0000000086f00000| Complete 
|  72|0x0000000087000000, 0x0000000087100000, 0x0000000087100000|100%| E|CS|TAMS 0x0000000087000000, 0x0000000087000000| Complete 
|  73|0x0000000087100000, 0x0000000087200000, 0x0000000087200000|100%| E|CS|TAMS 0x0000000087100000, 0x0000000087100000| Complete 
|  74|0x0000000087200000, 0x0000000087300000, 0x0000000087300000|100%| E|CS|TAMS 0x0000000087200000, 0x0000000087200000| Complete 
|  75|0x0000000087300000, 0x0000000087400000, 0x0000000087400000|100%| E|  |TAMS 0x0000000087300000, 0x0000000087300000| Complete 
|  76|0x0000000087400000, 0x0000000087500000, 0x0000000087500000|100%| E|CS|TAMS 0x0000000087400000, 0x0000000087400000| Complete 
| 123|0x000000008a300000, 0x000000008a400000, 0x000000008a400000|100%| E|CS|TAMS 0x000000008a300000, 0x000000008a300000| Complete 
| 124|0x000000008a400000, 0x000000008a500000, 0x000000008a500000|100%| E|CS|TAMS 0x000000008a400000, 0x000000008a400000| Complete 
| 125|0x000000008a500000, 0x000000008a600000, 0x000000008a600000|100%| E|CS|TAMS 0x000000008a500000, 0x000000008a500000| Complete 
|2005|0x00000000ffd00000, 0x00000000ffe00000, 0x00000000ffe00000|100%| O|  |TAMS 0x00000000ffe00000, 0x00000000ffd00000| Untracked 
|2006|0x00000000ffe00000, 0x00000000fff00000, 0x00000000fff00000|100%| O|  |TAMS 0x00000000fff00000, 0x00000000ffe00000| Untracked 
|2007|0x00000000fff00000, 0x0000000100000000, 0x0000000100000000|100%| O|  |TAMS 0x0000000100000000, 0x00000000fff00000| Untracked 

Card table byte_map: [0x000001d5ff540000,0x000001d5ff930000] _byte_map_base: 0x000001d5ff12c000

Marking Bits (Prev, Next): (CMBitMap*) 0x000001d5f7572400, (CMBitMap*) 0x000001d5f75723c0
 Prev Bits: [0x000001d590f60000, 0x000001d592ec0000)
 Next Bits: [0x000001d58f000000, 0x000001d590f60000)

Polling page: 0x000001d5f5490000

Metaspace:

Usage:
  Non-class:     53.84 MB used.
      Class:      8.39 MB used.
       Both:     62.23 MB used.

Virtual space:
  Non-class space:       64.00 MB reserved,      54.12 MB ( 85%) committed,  1 nodes.
      Class space:        1.00 GB reserved,       8.69 MB ( <1%) committed,  1 nodes.
             Both:        1.06 GB reserved,      62.81 MB (  6%) committed. 

Chunk freelists:
   Non-Class:  1.62 MB
       Class:  3.14 MB
        Both:  4.77 MB

MaxMetaspaceSize: unlimited
CompressedClassSpaceSize: 1.00 GB
Initial GC threshold: 21.00 MB
Current GC threshold: 100.75 MB
CDS: on
MetaspaceReclaimPolicy: balanced
 - commit_granule_bytes: 65536.
 - commit_granule_words: 8192.
 - virtual_space_node_default_size: 8388608.
 - enlarge_chunks_in_place: 1.
 - new_chunks_are_fully_committed: 0.
 - uncommit_free_chunks: 1.
 - use_allocation_guard: 0.


Internal statistics:

num_allocs_failed_limit: 12.
num_arena_births: 892.
num_arena_deaths: 0.
num_vsnodes_births: 2.
num_vsnodes_deaths: 0.
num_space_committed: 1005.
num_space_uncommitted: 0.
num_chunks_returned_to_freelist: 12.
num_chunks_taken_from_freelist: 3190.
num_chunk_merges: 12.
num_chunk_splits: 2339.
num_chunks_enlarged: 1891.
num_inconsistent_stats: 0.

CodeHeap 'non-profiled nmethods': size=120000Kb used=3077Kb max_used=3077Kb free=116922Kb
 bounds [0x000001d587ad0000, 0x000001d587df0000, 0x000001d58f000000]
CodeHeap 'profiled nmethods': size=120000Kb used=11379Kb max_used=12339Kb free=108620Kb
 bounds [0x000001d5805a0000, 0x000001d5811b0000, 0x000001d587ad0000]
CodeHeap 'non-nmethods': size=5760Kb used=1327Kb max_used=1401Kb free=4432Kb
 bounds [0x000001d580000000, 0x000001d580270000, 0x000001d5805a0000]
 total_blobs=6593 nmethods=5943 adapters=562
 compilation: enabled
              stopped_count=0, restarted_count=0
 full_count=0

Compilation events (20 events):
Event: 214.531 Thread 0x000001d5956a32f0 nmethod 6878 0x000001d58071bc90 code [0x000001d58071be20, 0x000001d58071bf98]
Event: 215.603 Thread 0x000001d5956a32f0 6879   !   3       java.util.concurrent.ThreadPoolExecutor::getTask (177 bytes)
Event: 215.610 Thread 0x000001d5956a32f0 nmethod 6879 0x000001d58061b990 code [0x000001d58061bc20, 0x000001d58061caf8]
Event: 215.610 Thread 0x000001d5956a32f0 6881   !   3       java.util.concurrent.ScheduledThreadPoolExecutor$DelayedWorkQueue::take (203 bytes)
Event: 215.617 Thread 0x000001d5956a32f0 nmethod 6881 0x000001d58113bd90 code [0x000001d58113c120, 0x000001d58113d9e8]
Event: 215.617 Thread 0x000001d5956a32f0 6880       3       java.util.concurrent.ScheduledThreadPoolExecutor$DelayedWorkQueue::take (5 bytes)
Event: 215.617 Thread 0x000001d5956a32f0 nmethod 6880 0x000001d58061b510 code [0x000001d58061b6c0, 0x000001d58061b808]
Event: 216.540 Thread 0x000001d5956a32f0 6882       3       java.util.concurrent.ThreadPoolExecutor$Worker::lock (6 bytes)
Event: 216.548 Thread 0x000001d5956a32f0 nmethod 6882 0x000001d58113ba10 code [0x000001d58113bba0, 0x000001d58113bce8]
Event: 216.548 Thread 0x000001d5956a32f0 6883       3       java.util.concurrent.ThreadPoolExecutor$Worker::tryAcquire (20 bytes)
Event: 216.548 Thread 0x000001d5956a32f0 nmethod 6883 0x000001d580742310 code [0x000001d5807424c0, 0x000001d580742708]
Event: 216.548 Thread 0x000001d5956a32f0 6884       3       java.util.concurrent.ThreadPoolExecutor::beforeExecute (1 bytes)
Event: 216.548 Thread 0x000001d5956a32f0 nmethod 6884 0x000001d58113b610 code [0x000001d58113b7a0, 0x000001d58113b8b8]
Event: 217.658 Thread 0x000001d5956a32f0 6885       3       java.util.concurrent.ScheduledThreadPoolExecutor$ScheduledFutureTask::run (57 bytes)
Event: 217.672 Thread 0x000001d5956a32f0 nmethod 6885 0x000001d580741b10 code [0x000001d580741d20, 0x000001d5807421b8]
Event: 217.672 Thread 0x000001d5956a32f0 6886   !   3       java.util.concurrent.FutureTask::runAndReset (125 bytes)
Event: 217.724 Thread 0x000001d5956a32f0 nmethod 6886 0x000001d580684d90 code [0x000001d580685200, 0x000001d580687768]
Event: 238.017 Thread 0x000001d5956a19f0 6889       4       org.springframework.util.ClassUtils::isAssignable (84 bytes)
Event: 238.040 Thread 0x000001d5956a19f0 nmethod 6889 0x000001d587c47890 code [0x000001d587c47a40, 0x000001d587c47d78]
Event: 238.128 Thread 0x000001d5956a19f0 6890 % !   4       org.springframework.beans.factory.support.DefaultListableBeanFactory::doGetBeanNamesForType @ 20 (505 bytes)

GC Heap History (20 events):
Event: 2.399 GC heap before
{Heap before GC invocations=1 (full 0):
 garbage-first heap   total 129024K, used 34738K [0x0000000082800000, 0x0000000100000000)
  region size 1024K, 30 young (30720K), 3 survivors (3072K)
 Metaspace       used 13564K, committed 13824K, reserved 1114112K
  class space    used 1610K, committed 1728K, reserved 1048576K
}
Event: 2.405 GC heap after
{Heap after GC invocations=2 (full 0):
 garbage-first heap   total 129024K, used 9614K [0x0000000082800000, 0x0000000100000000)
  region size 1024K, 3 young (3072K), 3 survivors (3072K)
 Metaspace       used 13564K, committed 13824K, reserved 1114112K
  class space    used 1610K, committed 1728K, reserved 1048576K
}
Event: 5.062 GC heap before
{Heap before GC invocations=2 (full 0):
 garbage-first heap   total 129024K, used 59790K [0x0000000082800000, 0x0000000100000000)
  region size 1024K, 54 young (55296K), 3 survivors (3072K)
 Metaspace       used 21173K, committed 21504K, reserved 1114112K
  class space    used 2582K, committed 2752K, reserved 1048576K
}
Event: 5.073 GC heap after
{Heap after GC invocations=3 (full 0):
 garbage-first heap   total 129024K, used 13452K [0x0000000082800000, 0x0000000100000000)
  region size 1024K, 7 young (7168K), 7 survivors (7168K)
 Metaspace       used 21173K, committed 21504K, reserved 1114112K
  class space    used 2582K, committed 2752K, reserved 1048576K
}
Event: 6.754 GC heap before
{Heap before GC invocations=4 (full 0):
 garbage-first heap   total 58368K, used 57484K [0x0000000082800000, 0x0000000100000000)
  region size 1024K, 50 young (51200K), 7 survivors (7168K)
 Metaspace       used 30002K, committed 30464K, reserved 1114112K
  class space    used 3739K, committed 3968K, reserved 1048576K
}
Event: 6.778 GC heap after
{Heap after GC invocations=5 (full 0):
 garbage-first heap   total 70656K, used 18502K [0x0000000082800000, 0x0000000100000000)
  region size 1024K, 9 young (9216K), 9 survivors (9216K)
 Metaspace       used 30002K, committed 30464K, reserved 1114112K
  class space    used 3739K, committed 3968K, reserved 1048576K
}
Event: 8.479 GC heap before
{Heap before GC invocations=5 (full 0):
 garbage-first heap   total 70656K, used 41030K [0x0000000082800000, 0x0000000100000000)
  region size 1024K, 32 young (32768K), 9 survivors (9216K)
 Metaspace       used 36329K, committed 36800K, reserved 1114112K
  class space    used 4637K, committed 4864K, reserved 1048576K
}
Event: 8.498 GC heap after
{Heap after GC invocations=6 (full 0):
 garbage-first heap   total 70656K, used 19621K [0x0000000082800000, 0x0000000100000000)
  region size 1024K, 2 young (2048K), 2 survivors (2048K)
 Metaspace       used 36329K, committed 36800K, reserved 1114112K
  class space    used 4637K, committed 4864K, reserved 1048576K
}
Event: 9.456 GC heap before
{Heap before GC invocations=7 (full 0):
 garbage-first heap   total 70656K, used 50341K [0x0000000082800000, 0x0000000100000000)
  region size 1024K, 32 young (32768K), 2 survivors (2048K)
 Metaspace       used 44627K, committed 45120K, reserved 1114112K
  class space    used 5924K, committed 6144K, reserved 1048576K
}
Event: 9.464 GC heap after
{Heap after GC invocations=8 (full 0):
 garbage-first heap   total 70656K, used 21275K [0x0000000082800000, 0x0000000100000000)
  region size 1024K, 4 young (4096K), 4 survivors (4096K)
 Metaspace       used 44627K, committed 45120K, reserved 1114112K
  class space    used 5924K, committed 6144K, reserved 1048576K
}
Event: 10.346 GC heap before
{Heap before GC invocations=8 (full 0):
 garbage-first heap   total 70656K, used 51995K [0x0000000082800000, 0x0000000100000000)
  region size 1024K, 34 young (34816K), 4 survivors (4096K)
 Metaspace       used 48897K, committed 49472K, reserved 1114112K
  class space    used 6485K, committed 6720K, reserved 1048576K
}
Event: 10.355 GC heap after
{Heap after GC invocations=9 (full 0):
 garbage-first heap   total 70656K, used 22261K [0x0000000082800000, 0x0000000100000000)
  region size 1024K, 3 young (3072K), 3 survivors (3072K)
 Metaspace       used 48897K, committed 49472K, reserved 1114112K
  class space    used 6485K, committed 6720K, reserved 1048576K
}
Event: 11.294 GC heap before
{Heap before GC invocations=9 (full 0):
 garbage-first heap   total 70656K, used 54005K [0x0000000082800000, 0x0000000100000000)
  region size 1024K, 34 young (34816K), 3 survivors (3072K)
 Metaspace       used 54352K, committed 54976K, reserved 1114112K
  class space    used 7320K, committed 7616K, reserved 1048576K
}
Event: 11.306 GC heap after
{Heap after GC invocations=10 (full 0):
 garbage-first heap   total 70656K, used 24802K [0x0000000082800000, 0x0000000100000000)
  region size 1024K, 4 young (4096K), 4 survivors (4096K)
 Metaspace       used 54352K, committed 54976K, reserved 1114112K
  class space    used 7320K, committed 7616K, reserved 1048576K
}
Event: 11.969 GC heap before
{Heap before GC invocations=10 (full 0):
 garbage-first heap   total 70656K, used 54498K [0x0000000082800000, 0x0000000100000000)
  region size 1024K, 33 young (33792K), 4 survivors (4096K)
 Metaspace       used 56099K, committed 56704K, reserved 1114112K
  class space    used 7549K, committed 7808K, reserved 1048576K
}
Event: 11.973 GC heap after
{Heap after GC invocations=11 (full 0):
 garbage-first heap   total 84992K, used 26275K [0x0000000082800000, 0x0000000100000000)
  region size 1024K, 4 young (4096K), 4 survivors (4096K)
 Metaspace       used 56099K, committed 56704K, reserved 1114112K
  class space    used 7549K, committed 7808K, reserved 1048576K
}
Event: 12.515 GC heap before
{Heap before GC invocations=11 (full 0):
 garbage-first heap   total 84992K, used 66211K [0x0000000082800000, 0x0000000100000000)
  region size 1024K, 43 young (44032K), 4 survivors (4096K)
 Metaspace       used 56458K, committed 57024K, reserved 1114112K
  class space    used 7564K, committed 7808K, reserved 1048576K
}
Event: 12.519 GC heap after
{Heap after GC invocations=12 (full 0):
 garbage-first heap   total 84992K, used 27513K [0x0000000082800000, 0x0000000100000000)
  region size 1024K, 3 young (3072K), 3 survivors (3072K)
 Metaspace       used 56458K, committed 57024K, reserved 1114112K
  class space    used 7564K, committed 7808K, reserved 1048576K
}
Event: 130.428 GC heap before
{Heap before GC invocations=12 (full 0):
 garbage-first heap   total 84992K, used 65401K [0x0000000082800000, 0x0000000100000000)
  region size 1024K, 41 young (41984K), 3 survivors (3072K)
 Metaspace       used 61020K, committed 61568K, reserved 1114112K
  class space    used 8174K, committed 8448K, reserved 1048576K
}
Event: 130.433 GC heap after
{Heap after GC invocations=13 (full 0):
 garbage-first heap   total 84992K, used 30445K [0x0000000082800000, 0x0000000100000000)
  region size 1024K, 6 young (6144K), 6 survivors (6144K)
 Metaspace       used 61020K, committed 61568K, reserved 1114112K
  class space    used 8174K, committed 8448K, reserved 1048576K
}

Deoptimization events (20 events):
Event: 130.551 Thread 0x000001d59cafbaa0 DEOPT PACKING pc=0x000001d587bf3830 sp=0x0000009cf9afd470
Event: 130.551 Thread 0x000001d59cafbaa0 DEOPT UNPACKING pc=0x000001d5800523a3 sp=0x0000009cf9afd3e8 mode 2
Event: 130.718 Thread 0x000001d59cafbaa0 DEOPT PACKING pc=0x000001d5807c64a3 sp=0x0000009cf9afb000
Event: 130.718 Thread 0x000001d59cafbaa0 DEOPT UNPACKING pc=0x000001d580052b43 sp=0x0000009cf9afa470 mode 0
Event: 130.837 Thread 0x000001d59cafbaa0 Uncommon trap: trap_request=0xffffff45 fr.pc=0x000001d587bf40e8 relative=0x0000000000000248
Event: 130.837 Thread 0x000001d59cafbaa0 Uncommon trap: reason=unstable_if action=reinterpret pc=0x000001d587bf40e8 method=java.util.StringTokenizer.skipDelimiters(I)I @ 21 c2
Event: 130.837 Thread 0x000001d59cafbaa0 DEOPT PACKING pc=0x000001d587bf40e8 sp=0x0000009cf9afb6b0
Event: 130.837 Thread 0x000001d59cafbaa0 DEOPT UNPACKING pc=0x000001d5800523a3 sp=0x0000009cf9afb640 mode 2
Event: 130.837 Thread 0x000001d59cafbaa0 Uncommon trap: trap_request=0xffffff45 fr.pc=0x000001d587bf3058 relative=0x00000000000002b8
Event: 130.837 Thread 0x000001d59cafbaa0 Uncommon trap: reason=unstable_if action=reinterpret pc=0x000001d587bf3058 method=java.util.StringTokenizer.scanToken(I)I @ 96 c2
Event: 130.837 Thread 0x000001d59cafbaa0 DEOPT PACKING pc=0x000001d587bf3058 sp=0x0000009cf9afb6a0
Event: 130.837 Thread 0x000001d59cafbaa0 DEOPT UNPACKING pc=0x000001d5800523a3 sp=0x0000009cf9afb630 mode 2
Event: 131.820 Thread 0x000001d59a044000 Uncommon trap: trap_request=0xffffff45 fr.pc=0x000001d587bc52b8 relative=0x00000000000001b8
Event: 131.820 Thread 0x000001d59a044000 Uncommon trap: reason=unstable_if action=reinterpret pc=0x000001d587bc52b8 method=java.lang.StringLatin1.indexOf([B[B)I @ 9 c2
Event: 131.821 Thread 0x000001d59a044000 DEOPT PACKING pc=0x000001d587bc52b8 sp=0x0000009cf94feb60
Event: 131.821 Thread 0x000001d59a044000 DEOPT UNPACKING pc=0x000001d5800523a3 sp=0x0000009cf94feaf0 mode 2
Event: 131.888 Thread 0x000001d59cafbaa0 Uncommon trap: trap_request=0xffffff45 fr.pc=0x000001d587b24b84 relative=0x0000000000000084
Event: 131.888 Thread 0x000001d59cafbaa0 Uncommon trap: reason=unstable_if action=reinterpret pc=0x000001d587b24b84 method=java.lang.CharacterDataLatin1.isWhitespace(I)Z @ 14 c2
Event: 131.888 Thread 0x000001d59cafbaa0 DEOPT PACKING pc=0x000001d587b24b84 sp=0x0000009cf9afc6b0
Event: 131.888 Thread 0x000001d59cafbaa0 DEOPT UNPACKING pc=0x000001d5800523a3 sp=0x0000009cf9afc620 mode 2

Classes loaded (20 events):
Event: 130.577 Loading class java/util/zip/GZIPInputStream
Event: 130.577 Loading class java/util/zip/GZIPInputStream done
Event: 130.578 Loading class java/util/zip/GZIPOutputStream
Event: 130.578 Loading class java/util/zip/GZIPOutputStream done
Event: 130.645 Loading class java/security/InvalidKeyException
Event: 130.645 Loading class java/security/KeyException
Event: 130.645 Loading class java/security/KeyException done
Event: 130.645 Loading class java/security/InvalidKeyException done
Event: 130.646 Loading class javax/crypto/Mac
Event: 130.647 Loading class javax/crypto/Mac done
Event: 130.647 Loading class com/sun/crypto/provider/HmacCore$HmacSHA256
Event: 130.647 Loading class com/sun/crypto/provider/HmacCore
Event: 130.648 Loading class javax/crypto/MacSpi
Event: 130.648 Loading class javax/crypto/MacSpi done
Event: 130.648 Loading class com/sun/crypto/provider/HmacCore done
Event: 130.648 Loading class com/sun/crypto/provider/HmacCore$HmacSHA256 done
Event: 130.766 Loading class java/util/AbstractMap$SimpleEntry
Event: 130.767 Loading class java/util/AbstractMap$SimpleEntry done
Event: 236.670 Loading class jdk/internal/misc/Signal$1
Event: 236.689 Loading class jdk/internal/misc/Signal$1 done

Classes unloaded (0 events):
No events

Classes redefined (0 events):
No events

Internal exceptions (20 events):
Event: 11.777 Thread 0x000001d5f7511f30 Exception <a 'java/lang/NoSuchMethodError'{0x00000000851009e8}: 'long java.lang.invoke.DirectMethodHandle$Holder.invokeVirtual(java.lang.Object, java.lang.Object)'> (0x00000000851009e8) 
thrown [t:\workspace\open\src\hotspot\share\interpreter\linkResolver.cpp, line 766]
Event: 11.851 Thread 0x000001d5f7511f30 Exception <a 'sun/nio/fs/WindowsException'{0x00000000850927b8}> (0x00000000850927b8) 
thrown [t:\workspace\open\src\hotspot\share\prims\jni.cpp, line 516]
Event: 11.908 Thread 0x000001d5f7511f30 Implicit null exception at 0x000001d587b9c9c6 to 0x000001d587b9ca8f
Event: 12.592 Thread 0x000001d5f7511f30 Exception <a 'java/lang/NoSuchMethodError'{0x00000000871b5890}: 'java.lang.Object java.lang.invoke.DirectMethodHandle$Holder.newInvokeSpecial(java.lang.Object, java.lang.Object, java.lang.Object, java.lang.Object, java.lang.Object, java.lang.Object, java.lang.Object, java.lang.Object)'> (0x00000000871b5890) 
thrown [t:\workspace\open\src\hotspot\share\interpreter\linkResolver.cpp, line 766]
Event: 13.108 Thread 0x000001d5f7511f30 Exception <a 'java/lang/IncompatibleClassChangeError'{0x00000000863e5600}: Found class java.lang.Object, but interface was expected> (0x00000000863e5600) 
thrown [t:\workspace\open\src\hotspot\share\interpreter\linkResolver.cpp, line 833]
Event: 13.189 Thread 0x000001d5f7511f30 Exception <a 'java/lang/NoSuchMethodError'{0x00000000860b0748}: 'int java.lang.invoke.DirectMethodHandle$Holder.invokeSpecialIFC(java.lang.Object, java.lang.Object, java.lang.Object)'> (0x00000000860b0748) 
thrown [t:\workspace\open\src\hotspot\share\interpreter\linkResolver.cpp, line 766]
Event: 13.250 Thread 0x000001d5f7511f30 Exception <a 'java/lang/NoSuchMethodError'{0x0000000085e880c0}: 'void java.lang.invoke.DirectMethodHandle$Holder.invokeVirtual(java.lang.Object, java.lang.Object, long)'> (0x0000000085e880c0) 
thrown [t:\workspace\open\src\hotspot\share\interpreter\linkResolver.cpp, line 766]
Event: 13.343 Thread 0x000001d5f7511f30 Exception <a 'java/lang/NoSuchMethodError'{0x0000000085bb7140}: 'int java.lang.invoke.DirectMethodHandle$Holder.invokeStaticInit(java.lang.Object, java.lang.Object, java.lang.Object, java.lang.Object)'> (0x0000000085bb7140) 
thrown [t:\workspace\open\src\hotspot\share\interpreter\linkResolver.cpp, line 766]
Event: 13.381 Thread 0x000001d5f7511f30 Implicit null exception at 0x000001d587c17fe0 to 0x000001d587c18234
Event: 13.464 Thread 0x000001d5f7511f30 Exception <a 'java/lang/NoSuchMethodError'{0x0000000085675aa8}: 'java.lang.Object java.lang.invoke.DirectMethodHandle$Holder.newInvokeSpecial(java.lang.Object, java.lang.Object, int, java.lang.Object, java.lang.Object)'> (0x0000000085675aa8) 
thrown [t:\workspace\open\src\hotspot\share\interpreter\linkResolver.cpp, line 766]
Event: 13.465 Thread 0x000001d5f7511f30 Exception <a 'java/lang/NoSuchMethodError'{0x0000000085681380}: 'java.lang.Object java.lang.invoke.DirectMethodHandle$Holder.invokeSpecial(java.lang.Object, java.lang.Object, int, java.lang.Object, int, java.lang.Object)'> (0x0000000085681380) 
thrown [t:\workspace\open\src\hotspot\share\interpreter\linkResolver.cpp, line 766]
Event: 13.465 Thread 0x000001d5f7511f30 Exception <a 'java/lang/NoSuchMethodError'{0x0000000085689188}: 'java.lang.Object java.lang.invoke.DirectMethodHandle$Holder.newInvokeSpecial(java.lang.Object, java.lang.Object, int, java.lang.Object, int)'> (0x0000000085689188) 
thrown [t:\workspace\open\src\hotspot\share\interpreter\linkResolver.cpp, line 766]
Event: 13.466 Thread 0x000001d5f7511f30 Exception <a 'java/lang/NoSuchMethodError'{0x000000008568d290}: 'java.lang.Object java.lang.invoke.DirectMethodHandle$Holder.invokeSpecial(java.lang.Object, java.lang.Object, java.lang.Object, int, java.lang.Object, int)'> (0x000000008568d290) 
thrown [t:\workspace\open\src\hotspot\share\interpreter\linkResolver.cpp, line 766]
Event: 130.444 Thread 0x000001d59cafbaa0 Exception <a 'java/lang/NoSuchMethodError'{0x000000008a54e770}: 'java.lang.Object java.lang.invoke.DirectMethodHandle$Holder.invokeSpecial(java.lang.Object, java.lang.Object, java.lang.Object, java.lang.Object, java.lang.Object, long)'> (0x000000008a54e770) 
thrown [t:\workspace\open\src\hotspot\share\interpreter\linkResolver.cpp, line 766]
Event: 130.444 Thread 0x000001d59cafbaa0 Exception <a 'java/lang/NoSuchMethodError'{0x000000008a5521b8}: 'java.lang.Object java.lang.invoke.Invokers$Holder.linkToTargetMethod(java.lang.Object, java.lang.Object, java.lang.Object, long, java.lang.Object)'> (0x000000008a5521b8) 
thrown [t:\workspace\open\src\hotspot\share\interpreter\linkResolver.cpp, line 766]
Event: 130.813 Thread 0x000001d59cafbaa0 Exception <a 'java/lang/IncompatibleClassChangeError'{0x0000000086c3fed8}: Found class java.lang.Object, but interface was expected> (0x0000000086c3fed8) 
thrown [t:\workspace\open\src\hotspot\share\interpreter\linkResolver.cpp, line 833]
Event: 130.840 Thread 0x000001d59cafbaa0 Exception <a 'java/net/ConnectException'{0x0000000086cfc998}: Connection refused: no further information> (0x0000000086cfc998) 
thrown [t:\workspace\open\src\hotspot\share\prims\jni.cpp, line 535]
Event: 130.840 Thread 0x000001d59cafbaa0 Exception <a 'java/net/SocketException'{0x0000000086cfd770}: Socket is not connected: shutdown> (0x0000000086cfd770) 
thrown [t:\workspace\open\src\hotspot\share\prims\jni.cpp, line 535]
Event: 130.840 Thread 0x000001d59cafbaa0 Exception <a 'java/net/ConnectException'{0x0000000086cfea68}: Connection refused: no further information> (0x0000000086cfea68) 
thrown [t:\workspace\open\src\hotspot\share\prims\jni.cpp, line 535]
Event: 130.840 Thread 0x000001d59cafbaa0 Exception <a 'java/net/SocketException'{0x0000000086cff840}: Socket is not connected: shutdown> (0x0000000086cff840) 
thrown [t:\workspace\open\src\hotspot\share\prims\jni.cpp, line 535]

VM Operations (20 events):
Event: 131.646 Executing VM operation: Cleanup
Event: 131.646 Executing VM operation: Cleanup done
Event: 132.650 Executing VM operation: Cleanup
Event: 132.650 Executing VM operation: Cleanup done
Event: 137.690 Executing VM operation: Cleanup
Event: 137.690 Executing VM operation: Cleanup done
Event: 152.803 Executing VM operation: Cleanup
Event: 152.803 Executing VM operation: Cleanup done
Event: 162.851 Executing VM operation: Cleanup
Event: 162.851 Executing VM operation: Cleanup done
Event: 167.894 Executing VM operation: Cleanup
Event: 167.894 Executing VM operation: Cleanup done
Event: 172.928 Executing VM operation: Cleanup
Event: 172.929 Executing VM operation: Cleanup done
Event: 218.287 Executing VM operation: Cleanup
Event: 218.287 Executing VM operation: Cleanup done
Event: 220.291 Executing VM operation: Cleanup
Event: 220.291 Executing VM operation: Cleanup done
Event: 237.458 Executing VM operation: Cleanup
Event: 237.490 Executing VM operation: Cleanup done

Events (20 events):
Event: 13.477 Thread 0x000001d59cafd2b0 Thread added: 0x000001d59cafd2b0
Event: 13.477 Thread 0x000001d59cafc440 Thread added: 0x000001d59cafc440
Event: 13.477 Thread 0x000001d59cafbf70 Thread added: 0x000001d59cafbf70
Event: 13.477 Thread 0x000001d59cafb5d0 Thread added: 0x000001d59cafb5d0
Event: 13.477 Thread 0x000001d59cafa760 Thread added: 0x000001d59cafa760
Event: 13.478 Thread 0x000001d59cafa290 Thread added: 0x000001d59cafa290
Event: 13.518 Thread 0x000001d59cafac30 Thread added: 0x000001d59cafac30
Event: 13.520 Thread 0x000001d59c0b7c60 Thread added: 0x000001d59c0b7c60
Event: 13.569 Thread 0x000001d5f7511f30 Thread exited: 0x000001d5f7511f30
Event: 13.569 Thread 0x000001d59c0b8130 Thread added: 0x000001d59c0b8130
Event: 130.446 Thread 0x000001d59acd6480 Thread added: 0x000001d59acd6480
Event: 130.655 Thread 0x000001d59acd6480 Thread exited: 0x000001d59acd6480
Event: 130.685 Thread 0x000001d59c592730 Thread added: 0x000001d59c592730
Event: 130.685 Thread 0x000001d599f55d80 Thread added: 0x000001d599f55d80
Event: 131.855 Thread 0x000001d599f55d80 Thread exited: 0x000001d599f55d80
Event: 134.527 Thread 0x000001d59c592730 Thread exited: 0x000001d59c592730
Event: 236.699 Thread 0x000001d59c0b8600 Thread added: 0x000001d59c0b8600
Event: 236.796 Thread 0x000001d59c0b7790 Thread added: 0x000001d59c0b7790
Event: 236.797 Thread 0x000001d59c0b8fa0 Thread added: 0x000001d59c0b8fa0
Event: 236.987 Thread 0x000001d59c0b8fa0 Thread exited: 0x000001d59c0b8fa0


Dynamic libraries:
0x00007ff78d870000 - 0x00007ff78d880000 	C:\Program Files\Java\jdk-18\bin\java.exe
0x00007ffe1db30000 - 0x00007ffe1dd44000 	C:\WINDOWS\SYSTEM32\ntdll.dll
0x00007ffe1c1d0000 - 0x00007ffe1c292000 	C:\WINDOWS\System32\KERNEL32.DLL
0x00007ffe1b280000 - 0x00007ffe1b623000 	C:\WINDOWS\System32\KERNELBASE.dll
0x00007ffe1b7f0000 - 0x00007ffe1b901000 	C:\WINDOWS\System32\ucrtbase.dll
0x00007ffe07fb0000 - 0x00007ffe07fc8000 	C:\Program Files\Java\jdk-18\bin\jli.dll
0x00007ffe1d910000 - 0x00007ffe1d9be000 	C:\WINDOWS\System32\ADVAPI32.dll
0x00007ffe1bd10000 - 0x00007ffe1bdb7000 	C:\WINDOWS\System32\msvcrt.dll
0x00007ffe1c010000 - 0x00007ffe1c0b4000 	C:\WINDOWS\System32\sechost.dll
0x00007ffe1c2d0000 - 0x00007ffe1c3e7000 	C:\WINDOWS\System32\RPCRT4.dll
0x00007ffe1bab0000 - 0x00007ffe1bc5b000 	C:\WINDOWS\System32\USER32.dll
0x00007ffe1b6b0000 - 0x00007ffe1b6d6000 	C:\WINDOWS\System32\win32u.dll
0x00007ffe1be50000 - 0x00007ffe1be79000 	C:\WINDOWS\System32\GDI32.dll
0x00007ffe1b0a0000 - 0x00007ffe1b1b9000 	C:\WINDOWS\System32\gdi32full.dll
0x00007ffe1b6e0000 - 0x00007ffe1b77a000 	C:\WINDOWS\System32\msvcp_win.dll
0x00007ffe0b880000 - 0x00007ffe0b89a000 	C:\Program Files\Java\jdk-18\bin\VCRUNTIME140.dll
0x00007ffe05e90000 - 0x00007ffe0611e000 	C:\WINDOWS\WinSxS\amd64_microsoft.windows.common-controls_6595b64144ccf1df_6.0.22621.1465_none_271271ab738361f1\COMCTL32.dll
0x00007ffe144b0000 - 0x00007ffe144ba000 	C:\WINDOWS\SYSTEM32\VERSION.dll
0x00007ffe1bee0000 - 0x00007ffe1bf11000 	C:\WINDOWS\System32\IMM32.DLL
0x00007ffe07fa0000 - 0x00007ffe07fac000 	C:\Program Files\Java\jdk-18\bin\vcruntime140_1.dll
0x00007ffddba50000 - 0x00007ffddbadd000 	C:\Program Files\Java\jdk-18\bin\msvcp140.dll
0x00007ffd96d90000 - 0x00007ffd979a1000 	C:\Program Files\Java\jdk-18\bin\server\jvm.dll
0x00007ffe1c0c0000 - 0x00007ffe1c0c8000 	C:\WINDOWS\System32\PSAPI.DLL
0x00007ffe014c0000 - 0x00007ffe014c9000 	C:\WINDOWS\SYSTEM32\WSOCK32.dll
0x00007ffe1d710000 - 0x00007ffe1d781000 	C:\WINDOWS\System32\WS2_32.dll
0x00007ffe14470000 - 0x00007ffe144a4000 	C:\WINDOWS\SYSTEM32\WINMM.dll
0x00007ffe1a030000 - 0x00007ffe1a048000 	C:\WINDOWS\SYSTEM32\kernel.appcore.dll
0x00007ffe07f50000 - 0x00007ffe07f5a000 	C:\Program Files\Java\jdk-18\bin\jimage.dll
0x00007ffe188b0000 - 0x00007ffe18ade000 	C:\WINDOWS\SYSTEM32\DBGHELP.DLL
0x00007ffe1c3f0000 - 0x00007ffe1c779000 	C:\WINDOWS\System32\combase.dll
0x00007ffe1bf20000 - 0x00007ffe1bff7000 	C:\WINDOWS\System32\OLEAUT32.dll
0x00007ffe03440000 - 0x00007ffe03472000 	C:\WINDOWS\SYSTEM32\dbgcore.DLL
0x00007ffe1b630000 - 0x00007ffe1b6ab000 	C:\WINDOWS\System32\bcryptPrimitives.dll
0x00007ffe00df0000 - 0x00007ffe00dfe000 	C:\Program Files\Java\jdk-18\bin\instrument.dll
0x00007ffe03e60000 - 0x00007ffe03e85000 	C:\Program Files\Java\jdk-18\bin\java.dll
0x00007ffdccfb0000 - 0x00007ffdcd086000 	C:\Program Files\Java\jdk-18\bin\jsvml.dll
0x00007ffe1ceb0000 - 0x00007ffe1d6aa000 	C:\WINDOWS\System32\SHELL32.dll
0x00007ffe18ed0000 - 0x00007ffe1979e000 	C:\WINDOWS\SYSTEM32\windows.storage.dll
0x00007ffe18d90000 - 0x00007ffe18ece000 	C:\WINDOWS\SYSTEM32\wintypes.dll
0x00007ffe1c0d0000 - 0x00007ffe1c1c1000 	C:\WINDOWS\System32\SHCORE.dll
0x00007ffe1d6b0000 - 0x00007ffe1d70e000 	C:\WINDOWS\System32\shlwapi.dll
0x00007ffe1ae60000 - 0x00007ffe1ae81000 	C:\WINDOWS\SYSTEM32\profapi.dll
0x00007ffe03c70000 - 0x00007ffe03c88000 	C:\Program Files\Java\jdk-18\bin\zip.dll
0x00007ffe03ff0000 - 0x00007ffe04003000 	C:\Program Files\Java\jdk-18\bin\net.dll
0x00007ffe146b0000 - 0x00007ffe147e7000 	C:\WINDOWS\SYSTEM32\WINHTTP.dll
0x00007ffe1a490000 - 0x00007ffe1a4f9000 	C:\WINDOWS\system32\mswsock.dll
0x00007ffe03e20000 - 0x00007ffe03e36000 	C:\Program Files\Java\jdk-18\bin\nio.dll
0x00007ffde2d50000 - 0x00007ffde2d6a000 	C:\Program Files\JetBrains\IntelliJ IDEA Community Edition 2023.1.2\bin\breakgen64.dll
0x00007ffe074b0000 - 0x00007ffe074c0000 	C:\Program Files\Java\jdk-18\bin\verify.dll
0x00007ffe1a6b0000 - 0x00007ffe1a6cb000 	C:\WINDOWS\SYSTEM32\CRYPTSP.dll
0x00007ffe19fa0000 - 0x00007ffe19fd5000 	C:\WINDOWS\system32\rsaenh.dll
0x00007ffe1a540000 - 0x00007ffe1a568000 	C:\WINDOWS\SYSTEM32\USERENV.dll
0x00007ffe1a8e0000 - 0x00007ffe1a908000 	C:\WINDOWS\SYSTEM32\bcrypt.dll
0x00007ffe1a6a0000 - 0x00007ffe1a6ac000 	C:\WINDOWS\SYSTEM32\CRYPTBASE.dll
0x00007ffe19ad0000 - 0x00007ffe19afd000 	C:\WINDOWS\SYSTEM32\IPHLPAPI.DLL
0x00007ffe1c2a0000 - 0x00007ffe1c2a9000 	C:\WINDOWS\System32\NSI.dll
0x00007ffe141c0000 - 0x00007ffe141d9000 	C:\WINDOWS\SYSTEM32\dhcpcsvc6.DLL
0x00007ffe141a0000 - 0x00007ffe141bf000 	C:\WINDOWS\SYSTEM32\dhcpcsvc.DLL
0x00007ffe19b50000 - 0x00007ffe19c43000 	C:\WINDOWS\SYSTEM32\DNSAPI.dll
0x00007ffe004e0000 - 0x00007ffe004ee000 	C:\Program Files\Java\jdk-18\bin\sunmscapi.dll
0x00007ffe1af30000 - 0x00007ffe1b097000 	C:\WINDOWS\System32\CRYPT32.dll
0x00007ffe1a8b0000 - 0x00007ffe1a8de000 	C:\WINDOWS\SYSTEM32\ncrypt.dll
0x00007ffe1a870000 - 0x00007ffe1a8a7000 	C:\WINDOWS\SYSTEM32\NTASN1.dll
0x00007ffe00ed0000 - 0x00007ffe00ed9000 	C:\Program Files\Java\jdk-18\bin\management.dll
0x00007ffe00490000 - 0x00007ffe0049b000 	C:\Program Files\Java\jdk-18\bin\management_ext.dll
0x00007ffe12a00000 - 0x00007ffe12a0a000 	C:\Windows\System32\rasadhlp.dll
0x00007ffe13000000 - 0x00007ffe13084000 	C:\WINDOWS\System32\fwpuclnt.dll

dbghelp: loaded successfully - version: 4.0.5 - missing functions: none
symbol engine: initialized successfully - sym options: 0x614 - pdb path: .;C:\Program Files\Java\jdk-18\bin;C:\WINDOWS\SYSTEM32;C:\WINDOWS\WinSxS\amd64_microsoft.windows.common-controls_6595b64144ccf1df_6.0.22621.1465_none_271271ab738361f1;C:\Program Files\Java\jdk-18\bin\server;C:\Program Files\JetBrains\IntelliJ IDEA Community Edition 2023.1.2\bin

VM Arguments:
jvm_args: -javaagent:C:\Program Files\JetBrains\IntelliJ IDEA Community Edition 2023.1.2\lib\idea_rt.jar=65300:C:\Program Files\JetBrains\IntelliJ IDEA Community Edition 2023.1.2\bin -Dfile.encoding=UTF-8 -Dsun.stdout.encoding=UTF-8 -Dsun.stderr.encoding=UTF-8 
java_command: com.alibou.security.SecurityApplication
java_class_path (initial): D:\Hust\20222\congngheweb\baitapnhom\Source_Code\Source_To_Test_and_Learn\spring-boot-3-jwt-security-update_v1.1\target\classes;C:\Users\ASUS\.m2\repository\mysql\mysql-connector-java\8.0.27\mysql-connector-java-8.0.27.jar;C:\Users\ASUS\.m2\repository\org\springframework\boot\spring-boot-starter-data-jpa\3.0.1\spring-boot-starter-data-jpa-3.0.1.jar;C:\Users\ASUS\.m2\repository\org\springframework\boot\spring-boot-starter-aop\3.0.1\spring-boot-starter-aop-3.0.1.jar;C:\Users\ASUS\.m2\repository\org\aspectj\aspectjweaver\1.9.19\aspectjweaver-1.9.19.jar;C:\Users\ASUS\.m2\repository\org\springframework\boot\spring-boot-starter-jdbc\3.0.1\spring-boot-starter-jdbc-3.0.1.jar;C:\Users\ASUS\.m2\repository\com\zaxxer\HikariCP\5.0.1\HikariCP-5.0.1.jar;C:\Users\ASUS\.m2\repository\org\springframework\spring-jdbc\6.0.3\spring-jdbc-6.0.3.jar;C:\Users\ASUS\.m2\repository\org\hibernate\orm\hibernate-core\6.1.6.Final\hibernate-core-6.1.6.Final.jar;C:\Users\ASUS\.m2\repository\jakarta\persistence\jakarta.persistence-api\3.1.0\jakarta.persistence-api-3.1.0.jar;C:\Users\ASUS\.m2\repository\jakarta\transaction\jakarta.transaction-api\2.0.1\jakarta.transaction-api-2.0.1.jar;C:\Users\ASUS\.m2\repository\org\jboss\logging\jboss-logging\3.5.0.Final\jboss-logging-3.5.0.Final.jar;C:\Users\ASUS\.m2\repository\org\hibernate\common\hibernate-commons-annotations\6.0.2.Final\hibernate-commons-annotations-6.0.2.Final.jar;C:\Users\ASUS\.m2\repository\org\jboss\jandex\2.4.2.Final\jandex-2.4.2.Final.jar;C:\Users\ASUS\.m2\repository\net\bytebuddy\byte-buddy\1.12.20\byte-buddy-1.12.20.jar;C:\Users\ASUS\.m2\repository\org\glassfish\jaxb\jaxb-runtime\4.0.1\jaxb-runtime-4.0.1.jar;C:\Users\ASUS\.m2\repository\org\glassfish\jaxb\jaxb-core\4.0.1\jaxb-core-4.0.1.jar;C:\Users\ASUS\.m2\repository\org\eclipse\angus\angus-activation\1.0.0\angus-activation-1.0.0.jar;C:\Users\ASUS\.m2\repository\org\glassfish\jaxb\txw2\4.0.1\txw2-4.0.1.jar;C:\Users\ASUS\.m2\repository\com\sun\istack\istack-commons-runtime\4.1.1\istack-commons-runtime-4.1.1.jar;C:\Users\ASUS\.m2\repository\jakarta\inject\jakarta.inject-api\2.0.0\jakarta.inject-api-2.0.0.jar;C:\Users\ASUS\.m2\repository\org\antlr\antlr4-runtime\4.10.1\antlr4-runtime-4.10.1.jar;C:\Users\ASUS\.m2\repository\org\springframework\data\spring-data-jpa\3.0.0\spring-data-jpa-3.0.0.jar;C:\Users\ASUS\.m2\repository\org\springframework\data\spring-data-commons\3.0.0\spring-data-commons-3.0.0.jar;C:\Users\ASUS\.m2\repository\org\springframework\spring-orm\6.0.3\spring-orm-6.0.3.jar;C:\Users\ASUS\.m2\repository\org\springframework\spring-context\6.0.3\spring-context-6.0.3.jar;C:\Users\ASUS\.m2\repository\org\springframework\spring-tx\6.0.3\spring-tx-6.0.3.jar;C:\Users\ASUS\.m2\repository\org\springframework\spring-beans\6.0.3\spring-beans-6.0.3.jar;C:\Users\ASUS\.m2\repository\jakarta\annotation\jakarta.annotation-api\2.1.1\jakarta.annotation-api-2.1.1.jar;C:\Users\ASUS\.m2\repository\org\springframework\spring-aspects\6.0.3\spring-aspects-6.0.3.jar;C:\Users\ASUS\.m2\repository\io\springfox\springfox-boot-starter\3.0.0\springfox-boot-starter-3.0.0.jar;C:\Users\ASUS\.m2\repository\io\springfox\springfox-oas\3.0.0\springfox-oas-3.0.0.jar;C:\Users\ASUS\.m2\repository\io\swagger\core\v3\swagger-annotations\2.1.2\swagger-annotations-2.1.2.jar;C:\Users\ASUS\.m2\repository\io\swagger\core\v3\swagger-models\2.1.2\swagger-models-2.1.2.jar;C:\Users\ASUS\.m2\repository\io\springfox\springfox-spi\3.0.0\springfox-spi-3.0.0.jar;C:\Users\ASUS\.m2\repository\io\springfox\springfox-schema\3.0.0\springfox-schema-3.0.0.jar;C:\Users\ASUS\.m2\repository\io\springfox\springfox-core\3.0.0\springfox-core-3.0.0.jar;C:\Users\ASUS\.m2\repository\io\springfox\springfox-spring-web\3.0.0\springfox-spring-web-3.0.0.jar;C:\Users\ASUS\.m2\repository\io\github\classgraph\classgraph\4.8.83\classgraph-4.8.83.jar;C:\Users\ASUS\.m2\repository\io\springfox\springfox-spring-webmvc\3.0.0\springfox-spring-webmvc-3.0.0.jar;C:\Users\ASUS\.m2\repository\io\springfox\springfox-spring-webflux\3.0.0\springfox-spring-webflux-3.0.0.jar;C:\Users\ASUS\.m2\repository\io\springfox\springfox-swagger-common\3.0.0\springfox-swagger-common-3.0.0.jar;C:\Users\ASUS\.m2\repository\org\mapstruct\mapstruct\1.3.1.Final\mapstruct-1.3.1.Final.jar;C:\Users\ASUS\.m2\repository\io\springfox\springfox-data-rest\3.0.0\springfox-data-rest-3.0.0.jar;C:\Users\ASUS\.m2\repository\io\springfox\springfox-bean-validators\3.0.0\springfox-bean-validators-3.0.0.jar;C:\Users\ASUS\.m2\repository\io\springfox\springfox-swagger2\3.0.0\springfox-swagger2-3.0.0.jar;C:\Users\ASUS\.m2\repository\io\swagger\swagger-annotations\1.5.20\swagger-annotations-1.5.20.jar;C:\Users\ASUS\.m2\repository\io\swagger\swagger-models\1.5.20\swagger-models-1.5.20.jar;C:\Users\ASUS\.m2\repository\io\springfox\springfox-swagger-ui\3.0.0\springfox-swagger-ui-3.0.0.jar;C:\Users\ASUS\.m2\repository\com\fasterxml\classmate\1.5.1\classmate-1.5.1.jar;C:\Users\ASUS\.m2\repository\org\slf4j\slf4j-api\2.0.6\slf4j-api-2.0.6.jar;C:\Users\ASUS\.m2\repository\org\springframework\plugin\spring-plugin-core\2.0.0.RELEASE\spring-plugin-core-2.0.0.RELEASE.jar;C:\Users\ASUS\.m2\repository\org\springframework\plugin\spring-plugin-metadata\2.0.0.RELEASE\spring-plugin-metadata-2.0.0.RELEASE.jar;C:\Users\ASUS\.m2\repository\org\springframework\boot\spring-boot-starter-security\3.0.1\spring-boot-starter-security-3.0.1.jar;C:\Users\ASUS\.m2\repository\org\springframework\boot\spring-boot-starter\3.0.1\spring-boot-starter-3.0.1.jar;C:\Users\ASUS\.m2\repository\org\springframework\boot\spring-boot\3.0.1\spring-boot-3.0.1.jar;C:\Users\ASUS\.m2\repository\org\springframework\boot\spring-boot-autoconfigure\3.0.1\spring-boot-autoconfigure-3.0.1.jar;C:\Users\ASUS\.m2\repository\org\springframework\boot\spring-boot-starter-logging\3.0.1\spring-boot-starter-logging-3.0.1.jar;C:\Users\ASUS\.m2\repository\ch\qos\logback\logback-classic\1.4.5\logback-classic-1.4.5.jar;C:\Users\ASUS\.m2\repository\ch\qos\logback\logback-core\1.4.5\logback-core-1.4.5.jar;C:\Users\ASUS\.m2\repository\org\apache\logging\log4j\log4j-to-slf4j\2.19.0\log4j-to-slf4j-2.19.0.jar;C:\Users\ASUS\.m2\repository\org\apache\logging\log4j\log4j-api\2.19.0\log4j-api-2.19.0.jar;C:\Users\ASUS\.m2\repository\org\slf4j\jul-to-slf4j\2.0.6\jul-to-slf4j-2.0.6.jar;C:\Users\ASUS\.m2\repository\org\yaml\snakeyaml\1.33\snakeyaml-1.33.jar;C:\Users\ASUS\.m2\repository\org\springframework\spring-aop\6.0.3\spring-aop-6.0.3.jar;C:\Users\ASUS\.m2\repository\org\springframework\security\spring-security-config\6.0.1\spring-security-config-6.0.1.jar;C:\Users\ASUS\.m2\repository\org\springframework\security\spring-security-web\6.0.1\spring-security-web-6.0.1.jar;C:\Users\ASUS\.m2\repository\org\springframework\spring-expression\6.0.3\spring-expression-6.0.3.jar;C:\Users\ASUS\.m2\repository\org\springframework\boot\spring-boot-starter-web\3.0.1\spring-boot-starter-web-3.0.1.jar;C:\Users\ASUS\.m2\repository\org\springframework\boot\spring-boot-starter-json\3.0.1\spring-boot-starter-json-3.0.1.jar;C:\Users\ASUS\.m2\repository\com\fasterxml\jackson\datatype\jackson-datatype-jdk8\2.14.1\jackson-datatype-jdk8-2.14.1.jar;C:\Users\ASUS\.m2\repository\com\fasterxml\jackson\datatype\jackson-datatype-jsr310\2.14.1\jackson-datatype-jsr310-2.14.1.jar;C:\Users\ASUS\.m2\repository\com\fasterxml\jackson\module\jackson-module-parameter-names\2.14.1\jackson-module-parameter-names-2.14.1.jar;C:\Users\ASUS\.m2\repository\org\springframework\boot\spring-boot-starter-tomcat\3.0.1\spring-boot-starter-tomcat-3.0.1.jar;C:\Users\ASUS\.m2\repository\org\apache\tomcat\embed\tomcat-embed-core\10.1.4\tomcat-embed-core-10.1.4.jar;C:\Users\ASUS\.m2\repository\org\apache\tomcat\embed\tomcat-embed-el\10.1.4\tomcat-embed-el-10.1.4.jar;C:\Users\ASUS\.m2\repository\org\apache\tomcat\embed\tomcat-embed-websocket\10.1.4\tomcat-embed-websocket-10.1.4.jar;C:\Users\ASUS\.m2\repository\org\springframework\spring-web\6.0.3\spring-web-6.0.3.jar;C:\Users\ASUS\.m2\repository\io\micrometer\micrometer-observation\1.10.2\micrometer-observation-1.10.2.jar;C:\Users\ASUS\.m2\repository\io\micrometer\micrometer-commons\1.10.2\micrometer-commons-1.10.2.jar;C:\Users\ASUS\.m2\repository\org\springframework\spring-webmvc\6.0.3\spring-webmvc-6.0.3.jar;C:\Users\ASUS\.m2\repository\org\postgresql\postgresql\42.5.1\postgresql-42.5.1.jar;C:\Users\ASUS\.m2\repository\org\checkerframework\checker-qual\3.5.0\checker-qual-3.5.0.jar;C:\Users\ASUS\.m2\repository\org\projectlombok\lombok\1.18.24\lombok-1.18.24.jar;C:\Users\ASUS\.m2\repository\io\jsonwebtoken\jjwt-api\0.11.5\jjwt-api-0.11.5.jar;C:\Users\ASUS\.m2\repository\io\jsonwebtoken\jjwt-impl\0.11.5\jjwt-impl-0.11.5.jar;C:\Users\ASUS\.m2\repository\io\jsonwebtoken\jjwt-jackson\0.11.5\jjwt-jackson-0.11.5.jar;C:\Users\ASUS\.m2\repository\com\fasterxml\jackson\core\jackson-databind\2.14.1\jackson-databind-2.14.1.jar;C:\Users\ASUS\.m2\repository\com\fasterxml\jackson\core\jackson-annotations\2.14.1\jackson-annotations-2.14.1.jar;C:\Users\ASUS\.m2\repository\com\fasterxml\jackson\core\jackson-core\2.14.1\jackson-core-2.14.1.jar;C:\Users\ASUS\.m2\repository\jakarta\xml\bind\jakarta.xml.bind-api\4.0.0\jakarta.xml.bind-api-4.0.0.jar;C:\Users\ASUS\.m2\repository\jakarta\activation\jakarta.activation-api\2.1.0\jakarta.activation-api-2.1.0.jar;C:\Users\ASUS\.m2\repository\org\springframework\spring-core\6.0.3\spring-core-6.0.3.jar;C:\Users\ASUS\.m2\repository\org\springframework\spring-jcl\6.0.3\spring-jcl-6.0.3.jar;C:\Users\ASUS\.m2\repository\org\springframework\security\spring-security-core\6.0.1\spring-security-core-6.0.1.jar;C:\Users\ASUS\.m2\repository\org\springframework\security\spring-security-crypto\6.0.1\spring-security-crypto-6.0.1.jar
Launcher Type: SUN_STANDARD

[Global flags]
     intx CICompilerCount                          = 4                                         {product} {ergonomic}
     uint ConcGCThreads                            = 2                                         {product} {ergonomic}
     uint G1ConcRefinementThreads                  = 8                                         {product} {ergonomic}
   size_t G1HeapRegionSize                         = 1048576                                   {product} {ergonomic}
    uintx GCDrainStackTargetSize                   = 64                                        {product} {ergonomic}
   size_t InitialHeapSize                          = 132120576                                 {product} {ergonomic}
   size_t MarkStackSize                            = 4194304                                   {product} {ergonomic}
   size_t MaxHeapSize                              = 2105540608                                {product} {ergonomic}
   size_t MaxNewSize                               = 1262485504                                {product} {ergonomic}
   size_t MinHeapDeltaBytes                        = 1048576                                   {product} {ergonomic}
   size_t MinHeapSize                              = 8388608                                   {product} {ergonomic}
    uintx NonNMethodCodeHeapSize                   = 5839372                                {pd product} {ergonomic}
    uintx NonProfiledCodeHeapSize                  = 122909434                              {pd product} {ergonomic}
    uintx ProfiledCodeHeapSize                     = 122909434                              {pd product} {ergonomic}
    uintx ReservedCodeCacheSize                    = 251658240                              {pd product} {ergonomic}
     bool SegmentedCodeCache                       = true                                      {product} {ergonomic}
   size_t SoftMaxHeapSize                          = 2105540608                             {manageable} {ergonomic}
     bool UseCompressedClassPointers               = true                           {product lp64_product} {ergonomic}
     bool UseCompressedOops                        = true                           {product lp64_product} {ergonomic}
     bool UseG1GC                                  = true                                      {product} {ergonomic}
     bool UseLargePagesIndividualAllocation        = false                                  {pd product} {ergonomic}

Logging:
Log output configuration:
 #0: stdout all=warning uptime,level,tags foldmultilines=false
 #1: stderr all=off uptime,level,tags foldmultilines=false

Environment Variables:
JAVA_HOME=C:\Program Files\Java\jdk-18
PATH=C:\Program Files\Common Files\Oracle\Java\javapath;C:\Windows\system32;C:\Windows;C:\Windows\System32\Wbem;C:\Windows\System32\WindowsPowerShell\v1.0\;C:\Windows\System32\OpenSSH\;C:\Program Files (x86)\NVIDIA Corporation\PhysX\Common;C:\Program Files\NVIDIA Corporation\NVIDIA NvDLISR;C:\Program Files\Microsoft SQL Server\130\Tools\Binn\;"C:\Users\ASUS\Downloads\python-3.9.2-amd64;C:\Users\ASUS\Downloads\chromedriver_win32";C:\WINDOWS\system32;C:\WINDOWS;C:\WINDOWS\System32\Wbem;C:\WINDOWS\System32\WindowsPowerShell\v1.0\;C:\WINDOWS\System32\OpenSSH\;C:\Program Files\dotnet\;C:\ProgramData\chocolatey\bin;C:\Program Files\Microsoft SQL Server\Client SDK\ODBC\170\Tools\Binn\;C:\Program Files (x86)\Microsoft SQL Server\150\Tools\Binn\;C:\Program Files\Microsoft SQL Server\150\Tools\Binn\;C:\Program Files\Microsoft SQL Server\150\DTS\Binn\;C:\Program Files (x86)\Microsoft SQL Server\150\DTS\Binn\;C:\Program Files\Azure Data Studio\bin;C:\Program Files\Git\cmd;C:\Users\ASUS\AppData\Roaming\nvm;C:\Program Files\nodejs;C:\ProgramData\Microsoft\Windows\Start Menu\Programs\Node.js;C:\Program Files\WireGuard\;C:\xampp\php;C:\ProgramData\ComposerSetup\bin;C:\Users\ASUS\Downloads\apache-maven-3.9.1\bin;C:\Users\ASUS\Downloads\mysql-8.0.32-winx64\bin;C:\Gradle\gradle-8.1.1\bin;C:\Users\ASUS\AppData\Roaming\npm;C:\Program Files\Cloudflare\Cloudflare WARP\;C:\Program Files\PuTTY\;C:\Program Files\MySQL\MySQL Shell 8.0\bin\;C:\Users\ASUS\AppData\Local\Programs\Python\Python38\Scripts\;C:\Users\ASUS\AppData\Local\Programs\Python\Python38\;C:\Users\ASUS\AppData\Local\Programs\Python\Python39\Scripts\;C:\Users\ASUS\AppData\Local\Programs\Python\Python39\;C:\Users\ASUS\AppData\Local\Microsoft\WindowsApps;C:\Program Files\JetBrains\PyCharm Community Edition 2020.3.5\bin;;C:\Program Files\Azure Data Studio\bin;C:\Users\ASUS\.dotnet\tools;C:\Users\ASUS\AppData\Local\Programs\Microsoft VS Code\bin;C:\Users\ASUS\AppData\Roaming\nvm;C:\Program Files\nodejs;C:\msys64\mingw64\bin;C:\Users\ASUS\AppData\Roaming\Composer\vendor\bin
USERNAME=ASUS
OS=Windows_NT
PROCESSOR_IDENTIFIER=Intel64 Family 6 Model 165 Stepping 2, GenuineIntel



---------------  S Y S T E M  ---------------

OS:
 Windows 11 , 64 bit Build 22621 (10.0.22621.1835)
OS uptime: 0 days 20:18 hours
Hyper-V role detected

CPU: total 8 (initial active 8) (4 cores per cpu, 2 threads per core) family 6 model 165 stepping 2 microcode 0xe0, cx8, cmov, fxsr, ht, mmx, 3dnowpref, sse, sse2, sse3, ssse3, sse4.1, sse4.2, popcnt, lzcnt, tsc, tscinvbit, avx, avx2, aes, erms, clmul, bmi1, bmi2, adx, fma, vzeroupper, clflush, clflushopt, hv

Memory: 4k page, system-wide physical 8029M (149M free)
TotalPageFile size 32605M (AvailPageFile size 2M)
current process WorkingSet (physical memory assigned to process): 52M, peak: 254M
current process commit charge ("private bytes"): 283M, peak: 293M

vm_info: Java HotSpot(TM) 64-Bit Server VM (18+36-2087) for windows-amd64 JRE (18+36-2087), built on Feb 15 2022 09:43:11 by "mach5one" with MS VC++ 16.8 / 16.9 (VS2019)

END.
